<?xml version="1.0" encoding="utf-8"?><testsuites name="pytest tests"><testsuite name="pytest" errors="0" failures="0" skipped="0" tests="14" time="1.228" timestamp="2026-02-06T18:17:06.140518+00:00" hostname="agent-env-d20c89ae-779d-46f2-b753-fd705e41c3d6"><testcase classname="backend.tests.test_dashboard_api.TestDashboardAPI" name="test_dashboard_stats_endpoint_success" time="0.126" /><testcase classname="backend.tests.test_dashboard_api.TestDashboardAPI" name="test_dashboard_stats_company_data" time="0.079" /><testcase classname="backend.tests.test_dashboard_api.TestDashboardAPI" name="test_dashboard_stats_compliance_score" time="0.088" /><testcase classname="backend.tests.test_dashboard_api.TestDashboardAPI" name="test_dashboard_stats_quick_stats" time="0.102" /><testcase classname="backend.tests.test_dashboard_api.TestDashboardAPI" name="test_dashboard_stats_trend_data" time="0.079" /><testcase classname="backend.tests.test_dashboard_api.TestDashboardAPI" name="test_dashboard_stats_severity_breakdown" time="0.079" /><testcase classname="backend.tests.test_dashboard_api.TestDashboardAPI" name="test_dashboard_stats_categories" time="0.071" /><testcase classname="backend.tests.test_dashboard_api.TestDashboardAPI" name="test_dashboard_stats_upcoming_deadlines" time="0.076" /><testcase classname="backend.tests.test_dashboard_api.TestDashboardAPI" name="test_dashboard_stats_invalid_company" time="0.078" /><testcase classname="backend.tests.test_dashboard_api.TestDashboardAPI" name="test_dashboard_stats_overdue_items" time="0.079" /><testcase classname="backend.tests.test_dashboard_api.TestDashboardAPI" name="test_dashboard_stats_pending_items" time="0.080" /><testcase classname="backend.tests.test_dashboard_api.TestHealthAndCompanies" name="test_health_endpoint" time="0.033" /><testcase classname="backend.tests.test_dashboard_api.TestHealthAndCompanies" name="test_companies_endpoint" time="0.037" /><testcase classname="backend.tests.test_dashboard_api.TestHealthAndCompanies" name="test_sectors_endpoint" time="0.035" /></testsuite></testsuites>