<?xml version="1.0" encoding="utf-8"?><testsuites name="pytest tests"><testsuite name="pytest" errors="0" failures="0" skipped="0" tests="11" time="7.017" timestamp="2026-02-09T09:53:32.105753+00:00" hostname="agent-env-d20c89ae-779d-46f2-b753-fd705e41c3d6"><testcase classname="backend.tests.test_compliance_matrix.TestObligationsAPI" name="test_get_all_obligations" time="0.102" /><testcase classname="backend.tests.test_compliance_matrix.TestObligationsAPI" name="test_get_obligations_with_status_filter" time="0.045" /><testcase classname="backend.tests.test_compliance_matrix.TestObligationsAPI" name="test_get_obligations_with_category_filter" time="0.041" /><testcase classname="backend.tests.test_compliance_matrix.TestObligationsAPI" name="test_get_obligations_with_severity_filter" time="0.039" /><testcase classname="backend.tests.test_compliance_matrix.TestObligationStatusUpdate" name="test_update_obligation_status" time="0.122" /><testcase classname="backend.tests.test_compliance_matrix.TestObligationStatusUpdate" name="test_update_nonexistent_obligation" time="0.039" /><testcase classname="backend.tests.test_compliance_matrix.TestAISummaryEndpoint" name="test_generate_ai_summary" time="6.327" /><testcase classname="backend.tests.test_compliance_matrix.TestLegislationEndpoint" name="test_get_legislation_with_new_fields" time="0.051" /><testcase classname="backend.tests.test_compliance_matrix.TestSingleObligationEndpoint" name="test_get_single_obligation" time="0.073" /><testcase classname="backend.tests.test_compliance_matrix.TestSingleObligationEndpoint" name="test_get_nonexistent_obligation" time="0.036" /><testcase classname="backend.tests.test_compliance_matrix.TestOwnerFilterIssue" name="test_owner_filter_returns_empty" time="0.035" /></testsuite></testsuites>