<?xml version="1.0" encoding="utf-8"?><testsuites name="pytest tests"><testsuite name="pytest" errors="0" failures="0" skipped="1" tests="19" time="5.095" timestamp="2026-03-15T19:32:41.022901+00:00" hostname="agent-env-48286607-865a-4769-83f2-7e80b384d9f5"><testcase classname="tests.test_wallet_pull_orders.TestWalletHealthAndSetup" name="test_api_health" time="0.159" /><testcase classname="tests.test_wallet_pull_orders.TestWalletHealthAndSetup" name="test_wallet_sub_account_exists" time="0.148" /><testcase classname="tests.test_wallet_pull_orders.TestWalletBankAccounts" name="test_get_linked_bank_accounts" time="0.156" /><testcase classname="tests.test_wallet_pull_orders.TestWalletBankAccounts" name="test_link_new_bank_account" time="0.815" /><testcase classname="tests.test_wallet_pull_orders.TestPullOrderCreate" name="test_get_pull_orders_empty_or_existing" time="0.127" /><testcase classname="tests.test_wallet_pull_orders.TestPullOrderCreate" name="test_create_pull_order_success" time="0.264" /><testcase classname="tests.test_wallet_pull_orders.TestPullOrderCreate" name="test_create_pull_order_invalid_bank_account" time="0.121" /><testcase classname="tests.test_wallet_pull_orders.TestPullOrderCreate" name="test_create_pull_order_invalid_company" time="0.130" /><testcase classname="tests.test_wallet_pull_orders.TestPullOrderApproval" name="test_approve_pull_order" time="0.256" /><testcase classname="tests.test_wallet_pull_orders.TestPullOrderApproval" name="test_approve_with_invalid_token" time="0.135" /><testcase classname="tests.test_wallet_pull_orders.TestPullOrderRejection" name="test_reject_pull_order" time="0.530" /><testcase classname="tests.test_wallet_pull_orders.TestPullOrderExecution" name="test_execute_approved_pull_order" time="0.336" /><testcase classname="tests.test_wallet_pull_orders.TestPullOrderExecution" name="test_execute_pending_order_fails" time="0.136"><skipped type="pytest.skip" message="No pending pull orders">/app/backend/tests/test_wallet_pull_orders.py:270: No pending pull orders</skipped></testcase><testcase classname="tests.test_wallet_pull_orders.TestPullOrderCancellation" name="test_cancel_pending_order" time="0.567" /><testcase classname="tests.test_wallet_pull_orders.TestPullOrderDetail" name="test_get_pull_order_detail" time="0.275" /><testcase classname="tests.test_wallet_pull_orders.TestPullOrderDetail" name="test_get_audit_trail" time="0.156" /><testcase classname="tests.test_wallet_pull_orders.TestWalletBalance" name="test_get_wallet_balance" time="0.145" /><testcase classname="tests.test_wallet_pull_orders.TestWalletSubscription" name="test_get_subscription_info" time="0.121" /><testcase classname="tests.test_wallet_pull_orders.TestWalletTransactions" name="test_get_transactions" time="0.444" /></testsuite></testsuites>