<?xml version="1.0" encoding="utf-8"?><testsuites name="pytest tests"><testsuite name="pytest" errors="0" failures="0" skipped="0" tests="7" time="1.105" timestamp="2026-02-16T08:15:53.515636+00:00" hostname="agent-env-45f1b9e6-3487-46d7-81ea-ab9821779ef2"><testcase classname="backend.tests.test_obligation_rewrite.TestRewriteStatus" name="test_rewrite_status_endpoint_returns_200" time="0.166" /><testcase classname="backend.tests.test_obligation_rewrite.TestRewriteStatus" name="test_rewrite_status_returns_correct_structure" time="0.114" /><testcase classname="backend.tests.test_obligation_rewrite.TestObligationWithPlainLanguageSummary" name="test_get_rewritten_obligation_contains_summary" time="0.139" /><testcase classname="backend.tests.test_obligation_rewrite.TestObligationWithPlainLanguageSummary" name="test_plain_language_summary_has_5_sections" time="0.120" /><testcase classname="backend.tests.test_obligation_rewrite.TestRewriteSingleObligation" name="test_rewrite_nonexistent_obligation_returns_404" time="0.112" /><testcase classname="backend.tests.test_obligation_rewrite.TestRewriteSingleObligation" name="test_rewrite_endpoint_exists_and_accessible" time="0.104" /><testcase classname="backend.tests.test_obligation_rewrite.TestObligationsListWithSummary" name="test_obligations_list_includes_plain_language_summary" time="0.172" /></testsuite></testsuites>